[2025-08-25 01:23:16] [START] ?? CORRECTION FINTECH PRISMA - Synchronisation versions 5.15.0 ? 6.14.0
[2025-08-25 01:23:17] [CHECK] ?? Analyse du package.json actuel...
[2025-08-25 01:23:18] [INFO] ?? Versions détectées:
[2025-08-25 01:23:18] [INFO]   - @prisma/client: 5.15.0
[2025-08-25 01:23:18] [INFO]   - prisma: ^6.14.0
[2025-08-25 01:23:18] [INFO]   - express: 4.19.2
[2025-08-25 01:23:18] [INFO]   - type: module
[2025-08-25 01:23:20] [CHECK] ?? Vérification prismaClient.js...
[2025-08-25 01:23:21] [SUCCESS] ? prismaClient.js déjà correct
[2025-08-25 01:23:21] [TEST] ?? Test d'import Prisma...
[2025-08-25 01:23:21] [PROCESS] ?? Configuration Git...
[2025-08-25 01:23:22] [INFO] ?? Changements détectés:
[2025-08-25 01:23:22] [GIT]    M backend/Dockerfile
[2025-08-25 01:23:22] [GIT]   M  backend/src/prismaClient.js
[2025-08-25 01:23:22] [GIT]   ?? backend/fix-fintech-prisma-2025-08-25_01-23-14.log
[2025-08-25 01:23:22] [GIT]   ?? fix-fintech-prisma-2025-08-25_01-23-14.log
[2025-08-25 01:23:22] [GIT]   ?? fix-prisma-2025-08-25_01-18-38.log
[2025-08-25 01:23:22] [ERROR] ? Exception Git: fatal: pathspec 'backend/package-lock.json' did not match any files
[2025-08-25 01:23:22] [SUMMARY] ?? RÉSUMÉ FINTECH PRISMA CORRECTION:
[2025-08-25 01:23:22] [SUMMARY]   ?? Durée: 7.86s
[2025-08-25 01:23:23] [SUMMARY]   ?? @prisma/client: 5.15.0 ? 6.14.0
[2025-08-25 01:23:23] [SUMMARY]   ?? prisma CLI: synchronisé à 6.14.0
[2025-08-25 01:23:23] [SUMMARY]   ?? Client régénéré: ?
[2025-08-25 01:23:23] [SUMMARY]   ?? prismaClient.js: optimisé Render
[2025-08-25 01:23:23] [SUMMARY]   ?? Dockerfile: npm install robuste
[2025-08-25 01:23:23] [SUMMARY]   ?? Git: commité et pushé
[2025-08-25 01:23:23] [INSTRUCTIONS] ?? ÉTAPES RENDER FINALES:
[2025-08-25 01:23:23] [INSTRUCTIONS] ?? 1. Render ? Service Settings ? Environment Variables
[2025-08-25 01:23:23] [INSTRUCTIONS]    ? SUPPRIMER: PRISMA_QUERY_ENGINE_*
[2025-08-25 01:23:23] [INSTRUCTIONS]    ? SUPPRIMER: PRISMA_ENGINES_*
[2025-08-25 01:23:23] [INSTRUCTIONS]    ? SUPPRIMER: PRISMA_CLIENT_ENGINE_TYPE (ou ? 'library')
[2025-08-25 01:23:23] [INSTRUCTIONS] ?? 2. Manual Deploy ? Clear build cache & Deploy
[2025-08-25 01:23:23] [INSTRUCTIONS] ?? 3. Surveiller les logs pour 'Prisma Client v6.14.0 generated'
[2025-08-25 01:23:23] [DEBUG] ?? COMMANDE DEBUG RENDER:
[2025-08-25 01:23:23] [DEBUG] node -e "console.log(Object.fromEntries(Object.entries(process.env).filter(([k])=>k.startsWith(\"PRISMA_\")))); import(\"@prisma/client\").then(({PrismaClient})=>console.log(\"Prisma 6.14.0 OK\"))"
[2025-08-25 01:23:24] [END] ?? Log complet: fix-fintech-prisma-2025-08-25_01-23-14.log
[2025-08-25 01:23:26] [END] ?? FINTECH PRISMA CORRECTION TERMINÉE!
