[2025-08-25 01:27:03] [START] ?? CORRECTION MANUELLE PRISMA - ÉTAPES UNE PAR UNE
[2025-08-25 01:27:04] [STEP] 1?? VÉRIFICATION package.json actuel...
[2025-08-25 01:27:05] [INFO] ?? Version actuelle @prisma/client: 5.15.0
[2025-08-25 01:27:05] [INFO] ?? Version prisma CLI: ^6.14.0
[2025-08-25 01:27:06] [STEP] 2?? CHANGEMENT VERS BACKEND...
[2025-08-25 01:27:10] [INFO] ?? Retour racine: C:\Users\karad\Documents\SCALIX\fintech_V1.0.1
[2025-08-25 01:27:10] [STEP] 8?? COMMIT GIT...
[2025-08-25 01:27:11] [SUCCESS] ? Commit réussi
[2025-08-25 01:27:15] [STEP] 9?? VÉRIFICATION FINALE...
[2025-08-25 01:27:15] [SUMMARY] ?? RÉSULTAT FINAL:
[2025-08-25 01:27:15] [SUMMARY] ?? @prisma/client: 5.15.0
[2025-08-25 01:27:15] [SUMMARY] ?? prisma CLI: ^6.14.0
[2025-08-25 01:27:16] [ERROR] ? ÉCHEC - Version toujours: 5.15.0
[2025-08-25 01:27:16] [SOLUTION] ?? Solution manuelle requise:
[2025-08-25 01:27:16] [SOLUTION]   1. cd backend
[2025-08-25 01:27:16] [SOLUTION]   2. npm uninstall @prisma/client
[2025-08-25 01:27:16] [SOLUTION]   3. npm install @prisma/client@6.14.0
[2025-08-25 01:27:16] [SOLUTION]   4. npx prisma generate
[2025-08-25 01:27:16] [INSTRUCTIONS] ?? RENDER - ÉTAPES FINALES:
[2025-08-25 01:27:16] [INSTRUCTIONS] 1. Settings ? Environment Variables ? SUPPRIMER toutes PRISMA_*
[2025-08-25 01:27:16] [INSTRUCTIONS] 2. Manual Deploy ? Clear build cache & Deploy
[2025-08-25 01:27:16] [INSTRUCTIONS] 3. Vérifier logs: 'Generated Prisma Client v6.14.0'
[2025-08-25 01:27:16] [END] ?? Log: fix-prisma-manual-2025-08-25_01-27-02.log
[2025-08-25 01:27:18] [END] ?? TERMINÉ!
