[2025-08-25 01:27:06] [INFO] ? Dans: C:\Users\karad\Documents\SCALIX\fintech_V1.0.1\backend
[2025-08-25 01:27:06] [STEP] 3?? DÉSINSTALLATION @prisma/client...
[2025-08-25 01:27:07] [DEBUG] Sortie uninstall:
[2025-08-25 01:27:07] [OUTPUT]   
[2025-08-25 01:27:07] [DEBUG] Exit code uninstall: -1
[2025-08-25 01:27:07] [STEP] 4?? INSTALLATION @prisma/client@6.14.0...
[2025-08-25 01:27:07] [DEBUG] Sortie install:
[2025-08-25 01:27:07] [OUTPUT]   
[2025-08-25 01:27:07] [DEBUG] Exit code install: -1
[2025-08-25 01:27:08] [STEP] 5?? VÉRIFICATION post-installation...
[2025-08-25 01:27:08] [CHECK] ?? Version APRÈS install: 5.15.0
[2025-08-25 01:27:08] [ERROR] ? ÉCHEC: Version toujours 5.15.0
[2025-08-25 01:27:08] [RETRY] ?? RETRY avec --save explicite...
[2025-08-25 01:27:08] [STEP] 6?? NETTOYAGE et RÉGÉNÉRATION...
[2025-08-25 01:27:09] [DEBUG] Sortie generate:
[2025-08-25 01:27:09] [OUTPUT]   
[2025-08-25 01:27:09] [DEBUG] Exit code generate: -1
[2025-08-25 01:27:09] [WARN] ?? Génération incertaine, vérifier manuellement
[2025-08-25 01:27:09] [STEP] 7?? TEST D'IMPORT...
[2025-08-25 01:27:10] [TEST] Résultat test:
[2025-08-25 01:27:10] [TEST]   
